# JRE version: Java(TM) SE Runtime Environment (8.0_121-b13) (build 1.8.0_121-b13)
# Java VM: Java HotSpot(TM) 64-Bit Server VM (25.121-b13 mixed mode windows-amd64 compressed oops)
Heap:
 PSYoungGen      total 56320K, used 20716K [0x0000000781a00000, 0x0000000785880000, 0x00000007c0000000)
  eden space 48640K, 26% used [0x0000000781a00000,0x00000007826c3850,0x0000000784980000)
  from space 7680K, 99% used [0x0000000785100000,0x0000000785877b38,0x0000000785880000)
  to   space 7680K, 0% used [0x0000000784980000,0x0000000784980000,0x0000000785100000)
 ParOldGen       total 128512K, used 15836K [0x0000000704e00000, 0x000000070cb80000, 0x0000000781a00000)
  object space 128512K, 12% used [0x0000000704e00000,0x0000000705d772b0,0x000000070cb80000)
 Metaspace       used 11243K, capacity 11430K, committed 11520K, reserved 1058816K
  class space    used 1405K, capacity 1479K, committed 1536K, reserved 1048576K
GC Heap History (4 events):
Event: 17.968 GC heap before
{Heap before GC invocations=1 (full 0):
 PSYoungGen      total 56320K, used 48640K [0x0000000781a00000, 0x0000000785880000, 0x00000007c0000000)
  eden space 48640K, 100% used [0x0000000781a00000,0x0000000784980000,0x0000000784980000)
  from space 7680K, 0% used [0x0000000785100000,0x0000000785100000,0x0000000785880000)
  to   space 7680K, 0% used [0x0000000784980000,0x0000000784980000,0x0000000785100000)
 ParOldGen       total 128512K, used 0K [0x0000000704e00000, 0x000000070cb80000, 0x0000000781a00000)
  object space 128512K, 0% used [0x0000000704e00000,0x0000000704e00000,0x000000070cb80000)
 Metaspace       used 11237K, capacity 11430K, committed 11520K, reserved 1058816K
  class space    used 1403K, capacity 1479K, committed 1536K, reserved 1048576K
Event: 17.974 GC heap after
Heap after GC invocations=1 (full 0):
 PSYoungGen      total 56320K, used 7676K [0x0000000781a00000, 0x0000000785880000, 0x00000007c0000000)
  eden space 48640K, 0% used [0x0000000781a00000,0x0000000781a00000,0x0000000784980000)
  from space 7680K, 99% used [0x0000000784980000,0x00000007850ff2a8,0x0000000785100000)
  to   space 7680K, 0% used [0x0000000785100000,0x0000000785100000,0x0000000785880000)
 ParOldGen       total 128512K, used 6091K [0x0000000704e00000, 0x000000070cb80000, 0x0000000781a00000)
  object space 128512K, 4% used [0x0000000704e00000,0x00000007053f2c40,0x000000070cb80000)
 Metaspace       used 11237K, capacity 11430K, committed 11520K, reserved 1058816K
  class space    used 1403K, capacity 1479K, committed 1536K, reserved 1048576K
}
Event: 63.147 GC heap before
{Heap before GC invocations=2 (full 0):
 PSYoungGen      total 56320K, used 56316K [0x0000000781a00000, 0x0000000785880000, 0x00000007c0000000)
  eden space 48640K, 100% used [0x0000000781a00000,0x0000000784980000,0x0000000784980000)
  from space 7680K, 99% used [0x0000000784980000,0x00000007850ff2a8,0x0000000785100000)
  to   space 7680K, 0% used [0x0000000785100000,0x0000000785100000,0x0000000785880000)
 ParOldGen       total 128512K, used 6091K [0x0000000704e00000, 0x000000070cb80000, 0x0000000781a00000)
  object space 128512K, 4% used [0x0000000704e00000,0x00000007053f2c40,0x000000070cb80000)
 Metaspace       used 11243K, capacity 11430K, committed 11520K, reserved 1058816K
  class space    used 1405K, capacity 1479K, committed 1536K, reserved 1048576K
Event: 63.156 GC heap after
Heap after GC invocations=2 (full 0):
 PSYoungGen      total 56320K, used 7646K [0x0000000781a00000, 0x0000000785880000, 0x00000007c0000000)
  eden space 48640K, 0% used [0x0000000781a00000,0x0000000781a00000,0x0000000784980000)
  from space 7680K, 99% used [0x0000000785100000,0x0000000785877b38,0x0000000785880000)
  to   space 7680K, 0% used [0x0000000784980000,0x0000000784980000,0x0000000785100000)
 ParOldGen       total 128512K, used 15836K [0x0000000704e00000, 0x000000070cb80000, 0x0000000781a00000)
  object space 128512K, 12% used [0x0000000704e00000,0x0000000705d772b0,0x000000070cb80000)
 Metaspace       used 11243K, capacity 11430K, committed 11520K, reserved 1058816K
  class space    used 1405K, capacity 1479K, committed 1536K, reserved 1048576K
}

